# JRE version: OpenJDK Runtime Environment Temurin-17.0.2+8 (17.0.2+8) (build 17.0.2+8)
# Java VM: OpenJDK 64-Bit Server VM Temurin-17.0.2+8 (17.0.2+8, mixed mode, tiered, compressed oops, compressed class ptrs, g1 gc, windows-amd64)
GC Precious Log:
 CPUs: 12 total, 12 available
 Memory: 16341M
 Large Page Support: Disabled
 NUMA Support: Disabled
 Compressed Oops: Enabled (Zero based)
 Heap Region Size: 2M
 Heap Min Capacity: 8M
 Heap Initial Capacity: 256M
 Heap Max Capacity: 4086M
 Pre-touch: Disabled
 Parallel Workers: 10
 Concurrent Workers: 3
 Concurrent Refinement Workers: 10
 Periodic GC: Disabled
Heap:
 garbage-first heap   total 540672K, used 100336K [0x0000000700a00000, 0x0000000800000000)
  region size 2048K, 30 young (61440K), 8 survivors (16384K)
 Metaspace       used 12486K, committed 12608K, reserved 1064960K
  class space    used 1148K, committed 1216K, reserved 1048576K
GC Heap History (12 events):
Event: 0.309 GC heap before
{Heap before GC invocations=0 (full 0):
 garbage-first heap   total 262144K, used 22528K [0x0000000700a00000, 0x0000000800000000)
  region size 2048K, 11 young (22528K), 0 survivors (0K)
 Metaspace       used 9106K, committed 9216K, reserved 1064960K
  class space    used 839K, committed 896K, reserved 1048576K
}
Event: 0.312 GC heap after
{Heap after GC invocations=1 (full 0):
 garbage-first heap   total 262144K, used 8579K [0x0000000700a00000, 0x0000000800000000)
  region size 2048K, 2 young (4096K), 2 survivors (4096K)
 Metaspace       used 9106K, committed 9216K, reserved 1064960K
  class space    used 839K, committed 896K, reserved 1048576K
}
Event: 0.348 GC heap before
{Heap before GC invocations=1 (full 0):
 garbage-first heap   total 262144K, used 27011K [0x0000000700a00000, 0x0000000800000000)
  region size 2048K, 11 young (22528K), 2 survivors (4096K)
 Metaspace       used 9136K, committed 9216K, reserved 1064960K
  class space    used 839K, committed 896K, reserved 1048576K
}
Event: 0.352 GC heap after
{Heap after GC invocations=2 (full 0):
 garbage-first heap   total 262144K, used 18727K [0x0000000700a00000, 0x0000000800000000)
  region size 2048K, 2 young (4096K), 2 survivors (4096K)
 Metaspace       used 9136K, committed 9216K, reserved 1064960K
  class space    used 839K, committed 896K, reserved 1048576K
}
Event: 0.387 GC heap before
{Heap before GC invocations=2 (full 0):
 garbage-first heap   total 262144K, used 47399K [0x0000000700a00000, 0x0000000800000000)
  region size 2048K, 16 young (32768K), 2 survivors (4096K)
 Metaspace       used 9136K, committed 9216K, reserved 1064960K
  class space    used 839K, committed 896K, reserved 1048576K
}
Event: 0.402 GC heap after
{Heap after GC invocations=3 (full 0):
 garbage-first heap   total 262144K, used 36462K [0x0000000700a00000, 0x0000000800000000)
  region size 2048K, 2 young (4096K), 2 survivors (4096K)
 Metaspace       used 9136K, committed 9216K, reserved 1064960K
  class space    used 839K, committed 896K, reserved 1048576K
}
Event: 0.457 GC heap before
{Heap before GC invocations=3 (full 0):
 garbage-first heap   total 262144K, used 71278K [0x0000000700a00000, 0x0000000800000000)
  region size 2048K, 19 young (38912K), 2 survivors (4096K)
 Metaspace       used 9352K, committed 9472K, reserved 1064960K
  class space    used 851K, committed 896K, reserved 1048576K
}
Event: 0.460 GC heap after
{Heap after GC invocations=4 (full 0):
 garbage-first heap   total 262144K, used 42181K [0x0000000700a00000, 0x0000000800000000)
  region size 2048K, 3 young (6144K), 3 survivors (6144K)
 Metaspace       used 9352K, committed 9472K, reserved 1064960K
  class space    used 851K, committed 896K, reserved 1048576K
}
Event: 0.503 GC heap before
{Heap before GC invocations=4 (full 0):
 garbage-first heap   total 262144K, used 97477K [0x0000000700a00000, 0x0000000800000000)
  region size 2048K, 30 young (61440K), 3 survivors (6144K)
 Metaspace       used 9352K, committed 9472K, reserved 1064960K
  class space    used 851K, committed 896K, reserved 1048576K
}
Event: 0.507 GC heap after
{Heap after GC invocations=5 (full 0):
 garbage-first heap   total 262144K, used 45309K [0x0000000700a00000, 0x0000000800000000)
  region size 2048K, 4 young (8192K), 4 survivors (8192K)
 Metaspace       used 9352K, committed 9472K, reserved 1064960K
  class space    used 851K, committed 896K, reserved 1048576K
}
Event: 0.611 GC heap before
{Heap before GC invocations=5 (full 0):
 garbage-first heap   total 262144K, used 176381K [0x0000000700a00000, 0x0000000800000000)
  region size 2048K, 68 young (139264K), 4 survivors (8192K)
 Metaspace       used 9352K, committed 9472K, reserved 1064960K
  class space    used 851K, committed 896K, reserved 1048576K
}
Event: 0.618 GC heap after
{Heap after GC invocations=6 (full 0):
 garbage-first heap   total 540672K, used 53232K [0x0000000700a00000, 0x0000000800000000)
  region size 2048K, 8 young (16384K), 8 survivors (16384K)
 Metaspace       used 9352K, committed 9472K, reserved 1064960K
  class space    used 851K, committed 896K, reserved 1048576K
}

