# JRE version: OpenJDK Runtime Environment Temurin-17.0.2+8 (17.0.2+8) (build 17.0.2+8)
# Java VM: OpenJDK 64-Bit Server VM Temurin-17.0.2+8 (17.0.2+8, mixed mode, tiered, compressed oops, compressed class ptrs, g1 gc, windows-amd64)
GC Precious Log:
 CPUs: 12 total, 12 available
 Memory: 16341M
 Large Page Support: Disabled
 NUMA Support: Disabled
 Compressed Oops: Enabled (Zero based)
 Heap Region Size: 2M
 Heap Min Capacity: 8M
 Heap Initial Capacity: 256M
 Heap Max Capacity: 4086M
 Pre-touch: Disabled
 Parallel Workers: 10
 Concurrent Workers: 3
 Concurrent Refinement Workers: 10
 Periodic GC: Disabled
Heap:
 garbage-first heap   total 524288K, used 268639K [0x0000000700a00000, 0x0000000800000000)
  region size 2048K, 110 young (225280K), 6 survivors (12288K)
 Metaspace       used 13687K, committed 13760K, reserved 1064960K
  class space    used 1251K, committed 1280K, reserved 1048576K
GC Heap History (12 events):
Event: 0.318 GC heap before
{Heap before GC invocations=0 (full 0):
 garbage-first heap   total 262144K, used 22528K [0x0000000700a00000, 0x0000000800000000)
  region size 2048K, 11 young (22528K), 0 survivors (0K)
 Metaspace       used 9110K, committed 9280K, reserved 1064960K
  class space    used 839K, committed 896K, reserved 1048576K
}
Event: 0.321 GC heap after
{Heap after GC invocations=1 (full 0):
 garbage-first heap   total 262144K, used 8592K [0x0000000700a00000, 0x0000000800000000)
  region size 2048K, 2 young (4096K), 2 survivors (4096K)
 Metaspace       used 9110K, committed 9280K, reserved 1064960K
  class space    used 839K, committed 896K, reserved 1048576K
}
Event: 0.352 GC heap before
{Heap before GC invocations=1 (full 0):
 garbage-first heap   total 262144K, used 27024K [0x0000000700a00000, 0x0000000800000000)
  region size 2048K, 11 young (22528K), 2 survivors (4096K)
 Metaspace       used 9137K, committed 9280K, reserved 1064960K
  class space    used 839K, committed 896K, reserved 1048576K
}
Event: 0.357 GC heap after
{Heap after GC invocations=2 (full 0):
 garbage-first heap   total 262144K, used 18727K [0x0000000700a00000, 0x0000000800000000)
  region size 2048K, 2 young (4096K), 2 survivors (4096K)
 Metaspace       used 9137K, committed 9280K, reserved 1064960K
  class space    used 839K, committed 896K, reserved 1048576K
}
Event: 0.393 GC heap before
{Heap before GC invocations=2 (full 0):
 garbage-first heap   total 262144K, used 47399K [0x0000000700a00000, 0x0000000800000000)
  region size 2048K, 16 young (32768K), 2 survivors (4096K)
 Metaspace       used 9137K, committed 9280K, reserved 1064960K
  class space    used 839K, committed 896K, reserved 1048576K
}
Event: 0.399 GC heap after
{Heap after GC invocations=3 (full 0):
 garbage-first heap   total 262144K, used 36456K [0x0000000700a00000, 0x0000000800000000)
  region size 2048K, 2 young (4096K), 2 survivors (4096K)
 Metaspace       used 9137K, committed 9280K, reserved 1064960K
  class space    used 839K, committed 896K, reserved 1048576K
}
Event: 0.449 GC heap before
{Heap before GC invocations=3 (full 0):
 garbage-first heap   total 262144K, used 71272K [0x0000000700a00000, 0x0000000800000000)
  region size 2048K, 19 young (38912K), 2 survivors (4096K)
 Metaspace       used 9353K, committed 9472K, reserved 1064960K
  class space    used 851K, committed 896K, reserved 1048576K
}
Event: 0.453 GC heap after
{Heap after GC invocations=4 (full 0):
 garbage-first heap   total 262144K, used 42308K [0x0000000700a00000, 0x0000000800000000)
  region size 2048K, 3 young (6144K), 3 survivors (6144K)
 Metaspace       used 9353K, committed 9472K, reserved 1064960K
  class space    used 851K, committed 896K, reserved 1048576K
}
Event: 0.489 GC heap before
{Heap before GC invocations=4 (full 0):
 garbage-first heap   total 262144K, used 97604K [0x0000000700a00000, 0x0000000800000000)
  region size 2048K, 30 young (61440K), 3 survivors (6144K)
 Metaspace       used 9353K, committed 9472K, reserved 1064960K
  class space    used 851K, committed 896K, reserved 1048576K
}
Event: 0.493 GC heap after
{Heap after GC invocations=5 (full 0):
 garbage-first heap   total 262144K, used 46000K [0x0000000700a00000, 0x0000000800000000)
  region size 2048K, 2 young (4096K), 2 survivors (4096K)
 Metaspace       used 9353K, committed 9472K, reserved 1064960K
  class space    used 851K, committed 896K, reserved 1048576K
}
Event: 0.580 GC heap before
{Heap before GC invocations=5 (full 0):
 garbage-first heap   total 262144K, used 177072K [0x0000000700a00000, 0x0000000800000000)
  region size 2048K, 66 young (135168K), 2 survivors (4096K)
 Metaspace       used 9353K, committed 9472K, reserved 1064960K
  class space    used 851K, committed 896K, reserved 1048576K
}
Event: 0.593 GC heap after
{Heap after GC invocations=6 (full 0):
 garbage-first heap   total 524288K, used 53599K [0x0000000700a00000, 0x0000000800000000)
  region size 2048K, 6 young (12288K), 6 survivors (12288K)
 Metaspace       used 9353K, committed 9472K, reserved 1064960K
  class space    used 851K, committed 896K, reserved 1048576K
}

