# JRE version: OpenJDK Runtime Environment Temurin-17.0.2+8 (17.0.2+8) (build 17.0.2+8)
# Java VM: OpenJDK 64-Bit Server VM Temurin-17.0.2+8 (17.0.2+8, mixed mode, tiered, compressed oops, compressed class ptrs, g1 gc, windows-amd64)
GC Precious Log:
 CPUs: 12 total, 12 available
 Memory: 16341M
 Large Page Support: Disabled
 NUMA Support: Disabled
 Compressed Oops: Enabled (Zero based)
 Heap Region Size: 2M
 Heap Min Capacity: 8M
 Heap Initial Capacity: 256M
 Heap Max Capacity: 4086M
 Pre-touch: Disabled
 Parallel Workers: 10
 Concurrent Workers: 3
 Concurrent Refinement Workers: 10
 Periodic GC: Disabled
Heap:
 garbage-first heap   total 524288K, used 321536K [0x0000000700a00000, 0x0000000800000000)
  region size 2048K, 123 young (251904K), 9 survivors (18432K)
 Metaspace       used 16104K, committed 16256K, reserved 1064960K
  class space    used 1507K, committed 1600K, reserved 1048576K
GC Heap History (16 events):
Event: 0.314 GC heap before
{Heap before GC invocations=0 (full 0):
 garbage-first heap   total 262144K, used 22528K [0x0000000700a00000, 0x0000000800000000)
  region size 2048K, 11 young (22528K), 0 survivors (0K)
 Metaspace       used 9096K, committed 9216K, reserved 1064960K
  class space    used 839K, committed 896K, reserved 1048576K
}
Event: 0.318 GC heap after
{Heap after GC invocations=1 (full 0):
 garbage-first heap   total 262144K, used 8565K [0x0000000700a00000, 0x0000000800000000)
  region size 2048K, 2 young (4096K), 2 survivors (4096K)
 Metaspace       used 9096K, committed 9216K, reserved 1064960K
  class space    used 839K, committed 896K, reserved 1048576K
}
Event: 0.355 GC heap before
{Heap before GC invocations=1 (full 0):
 garbage-first heap   total 262144K, used 26997K [0x0000000700a00000, 0x0000000800000000)
  region size 2048K, 11 young (22528K), 2 survivors (4096K)
 Metaspace       used 9131K, committed 9216K, reserved 1064960K
  class space    used 839K, committed 896K, reserved 1048576K
}
Event: 0.359 GC heap after
{Heap after GC invocations=2 (full 0):
 garbage-first heap   total 262144K, used 18727K [0x0000000700a00000, 0x0000000800000000)
  region size 2048K, 2 young (4096K), 2 survivors (4096K)
 Metaspace       used 9131K, committed 9216K, reserved 1064960K
  class space    used 839K, committed 896K, reserved 1048576K
}
Event: 0.397 GC heap before
{Heap before GC invocations=2 (full 0):
 garbage-first heap   total 262144K, used 47399K [0x0000000700a00000, 0x0000000800000000)
  region size 2048K, 16 young (32768K), 2 survivors (4096K)
 Metaspace       used 9131K, committed 9216K, reserved 1064960K
  class space    used 839K, committed 896K, reserved 1048576K
}
Event: 0.408 GC heap after
{Heap after GC invocations=3 (full 0):
 garbage-first heap   total 262144K, used 36192K [0x0000000700a00000, 0x0000000800000000)
  region size 2048K, 2 young (4096K), 2 survivors (4096K)
 Metaspace       used 9131K, committed 9216K, reserved 1064960K
  class space    used 839K, committed 896K, reserved 1048576K
}
Event: 0.469 GC heap before
{Heap before GC invocations=3 (full 0):
 garbage-first heap   total 262144K, used 71008K [0x0000000700a00000, 0x0000000800000000)
  region size 2048K, 19 young (38912K), 2 survivors (4096K)
 Metaspace       used 9346K, committed 9408K, reserved 1064960K
  class space    used 851K, committed 896K, reserved 1048576K
}
Event: 0.473 GC heap after
{Heap after GC invocations=4 (full 0):
 garbage-first heap   total 262144K, used 42054K [0x0000000700a00000, 0x0000000800000000)
  region size 2048K, 3 young (6144K), 3 survivors (6144K)
 Metaspace       used 9346K, committed 9408K, reserved 1064960K
  class space    used 851K, committed 896K, reserved 1048576K
}
Event: 0.508 GC heap before
{Heap before GC invocations=4 (full 0):
 garbage-first heap   total 262144K, used 97350K [0x0000000700a00000, 0x0000000800000000)
  region size 2048K, 30 young (61440K), 3 survivors (6144K)
 Metaspace       used 9346K, committed 9408K, reserved 1064960K
  class space    used 851K, committed 896K, reserved 1048576K
}
Event: 0.516 GC heap after
{Heap after GC invocations=5 (full 0):
 garbage-first heap   total 524288K, used 45568K [0x0000000700a00000, 0x0000000800000000)
  region size 2048K, 4 young (8192K), 4 survivors (8192K)
 Metaspace       used 9346K, committed 9408K, reserved 1064960K
  class space    used 851K, committed 896K, reserved 1048576K
}
Event: 1.651 GC heap before
{Heap before GC invocations=5 (full 0):
 garbage-first heap   total 524288K, used 354816K [0x0000000700a00000, 0x0000000800000000)
  region size 2048K, 153 young (313344K), 4 survivors (8192K)
 Metaspace       used 12585K, committed 12736K, reserved 1064960K
  class space    used 1152K, committed 1216K, reserved 1048576K
}
Event: 1.659 GC heap after
{Heap after GC invocations=6 (full 0):
 garbage-first heap   total 524288K, used 78116K [0x0000000700a00000, 0x0000000800000000)
  region size 2048K, 18 young (36864K), 18 survivors (36864K)
 Metaspace       used 12585K, committed 12736K, reserved 1064960K
  class space    used 1152K, committed 1216K, reserved 1048576K
}
Event: 2.917 GC heap before
{Heap before GC invocations=6 (full 0):
 garbage-first heap   total 524288K, used 354596K [0x0000000700a00000, 0x0000000800000000)
  region size 2048K, 153 young (313344K), 18 survivors (36864K)
 Metaspace       used 13910K, committed 14144K, reserved 1064960K
  class space    used 1273K, committed 1408K, reserved 1048576K
}
Event: 2.924 GC heap after
{Heap after GC invocations=7 (full 0):
 garbage-first heap   total 524288K, used 84728K [0x0000000700a00000, 0x0000000800000000)
  region size 2048K, 13 young (26624K), 13 survivors (26624K)
 Metaspace       used 13910K, committed 14144K, reserved 1064960K
  class space    used 1273K, committed 1408K, reserved 1048576K
}
Event: 3.778 GC heap before
{Heap before GC invocations=7 (full 0):
 garbage-first heap   total 524288K, used 371448K [0x0000000700a00000, 0x0000000800000000)
  region size 2048K, 153 young (313344K), 13 survivors (26624K)
 Metaspace       used 13950K, committed 14144K, reserved 1064960K
  class space    used 1273K, committed 1408K, reserved 1048576K
}
Event: 3.782 GC heap after
{Heap after GC invocations=8 (full 0):
 garbage-first heap   total 524288K, used 90112K [0x0000000700a00000, 0x0000000800000000)
  region size 2048K, 9 young (18432K), 9 survivors (18432K)
 Metaspace       used 13950K, committed 14144K, reserved 1064960K
  class space    used 1273K, committed 1408K, reserved 1048576K
}

